The system is: Linux - 3.10.0-957.el7.x86_64 - x86_64
Compiling the C compiler identification source file "CMakeCCompilerId.c" succeeded.
Compiler: /usr/bin/gcc 
Build flags: 
Id flags:  

The output was:
0


Compilation of the C compiler identification source "CMakeCCompilerId.c" produced "a.out"

The C compiler identification is GNU, found in "/ssd/ASKAP/cloud-dingo-blao/shao-cpu-mpich/base-askap/build/CMakeFiles/3.15.2/CompilerIdC/a.out"

Compiling the CXX compiler identification source file "CMakeCXXCompilerId.cpp" succeeded.
Compiler: /usr/bin/g++ 
Build flags: 
Id flags:  

The output was:
0


Compilation of the CXX compiler identification source "CMakeCXXCompilerId.cpp" produced "a.out"

The CXX compiler identification is GNU, found in "/ssd/ASKAP/cloud-dingo-blao/shao-cpu-mpich/base-askap/build/CMakeFiles/3.15.2/CompilerIdCXX/a.out"

Determining if the C compiler works passed with the following output:
Change Dir: /ssd/ASKAP/cloud-dingo-blao/shao-cpu-mpich/base-askap/build/CMakeFiles/CMakeTmp

Run Build Command(s):/usr/bin/gmake cmTC_c5794/fast && /usr/bin/gmake -f CMakeFiles/cmTC_c5794.dir/build.make CMakeFiles/cmTC_c5794.dir/build
gmake[1]: Entering directory `/ssd/ASKAP/cloud-dingo-blao/shao-cpu-mpich/base-askap/build/CMakeFiles/CMakeTmp'
Building C object CMakeFiles/cmTC_c5794.dir/testCCompiler.c.o
/usr/bin/gcc    -o CMakeFiles/cmTC_c5794.dir/testCCompiler.c.o   -c /ssd/ASKAP/cloud-dingo-blao/shao-cpu-mpich/base-askap/build/CMakeFiles/CMakeTmp/testCCompiler.c
Linking C executable cmTC_c5794
/home/app/cmake/3.15.2/cpu/bin/cmake -E cmake_link_script CMakeFiles/cmTC_c5794.dir/link.txt --verbose=1
/usr/bin/gcc      -rdynamic CMakeFiles/cmTC_c5794.dir/testCCompiler.c.o  -o cmTC_c5794 
gmake[1]: Leaving directory `/ssd/ASKAP/cloud-dingo-blao/shao-cpu-mpich/base-askap/build/CMakeFiles/CMakeTmp'



Detecting C compiler ABI info compiled with the following output:
Change Dir: /ssd/ASKAP/cloud-dingo-blao/shao-cpu-mpich/base-askap/build/CMakeFiles/CMakeTmp

Run Build Command(s):/usr/bin/gmake cmTC_d86d9/fast && /usr/bin/gmake -f CMakeFiles/cmTC_d86d9.dir/build.make CMakeFiles/cmTC_d86d9.dir/build
gmake[1]: Entering directory `/ssd/ASKAP/cloud-dingo-blao/shao-cpu-mpich/base-askap/build/CMakeFiles/CMakeTmp'
Building C object CMakeFiles/cmTC_d86d9.dir/CMakeCCompilerABI.c.o
/usr/bin/gcc   -v -o CMakeFiles/cmTC_d86d9.dir/CMakeCCompilerABI.c.o   -c /home/app/cmake/3.15.2/cpu/share/cmake-3.15/Modules/CMakeCCompilerABI.c
Using built-in specs.
COLLECT_GCC=/usr/bin/gcc
Target: x86_64-redhat-linux
Configured with: ../configure --prefix=/usr --mandir=/usr/share/man --infodir=/usr/share/info --with-bugurl=http://bugzilla.redhat.com/bugzilla --enable-bootstrap --enable-shared --enable-threads=posix --enable-checking=release --with-system-zlib --enable-__cxa_atexit --disable-libunwind-exceptions --enable-gnu-unique-object --enable-linker-build-id --with-linker-hash-style=gnu --enable-languages=c,c++,objc,obj-c++,java,fortran,ada,go,lto --enable-plugin --enable-initfini-array --disable-libgcj --with-isl=/builddir/build/BUILD/gcc-4.8.5-20150702/obj-x86_64-redhat-linux/isl-install --with-cloog=/builddir/build/BUILD/gcc-4.8.5-20150702/obj-x86_64-redhat-linux/cloog-install --enable-gnu-indirect-function --with-tune=generic --with-arch_32=x86-64 --build=x86_64-redhat-linux
Thread model: posix
gcc version 4.8.5 20150623 (Red Hat 4.8.5-36) (GCC) 
COLLECT_GCC_OPTIONS='-v' '-o' 'CMakeFiles/cmTC_d86d9.dir/CMakeCCompilerABI.c.o' '-c' '-mtune=generic' '-march=x86-64'
 /usr/libexec/gcc/x86_64-redhat-linux/4.8.5/cc1 -quiet -v /home/app/cmake/3.15.2/cpu/share/cmake-3.15/Modules/CMakeCCompilerABI.c -quiet -dumpbase CMakeCCompilerABI.c -mtune=generic -march=x86-64 -auxbase-strip CMakeFiles/cmTC_d86d9.dir/CMakeCCompilerABI.c.o -version -o /tmp/cce4Sw5I.s
GNU C (GCC) version 4.8.5 20150623 (Red Hat 4.8.5-36) (x86_64-redhat-linux)
	compiled by GNU C version 4.8.5 20150623 (Red Hat 4.8.5-36), GMP version 6.0.0, MPFR version 3.1.1, MPC version 1.0.1
GGC heuristics: --param ggc-min-expand=100 --param ggc-min-heapsize=131072
ignoring nonexistent directory "/usr/lib/gcc/x86_64-redhat-linux/4.8.5/include-fixed"
ignoring nonexistent directory "/usr/lib/gcc/x86_64-redhat-linux/4.8.5/../../../../x86_64-redhat-linux/include"
ignoring duplicate directory "/home/app/hdf5/1.10.4/cpu/include"
  as it is a non-system directory that duplicates a system directory
ignoring duplicate directory "/home/app/boost/1.65.1/cpu/include"
  as it is a non-system directory that duplicates a system directory
#include "..." search starts here:
#include <...> search starts here:
 /home/app/cfitsio/cpu/include
 /home/app/lapack/3.8.0/cpu/include
 /home/app/fftw3/3.3.8/cpu/include
 /home/app/python/2.7.14/cpu/include/python2.7
 /home/app/mpich/3.2.1/cpu/gcc/4.8.5/include
 /home/app/hdf5/1.10.4/cpu/include
 /home/app/boost/1.65.1/cpu/include
 /usr/lib/gcc/x86_64-redhat-linux/4.8.5/include
 /usr/local/include
 /usr/include
End of search list.
GNU C (GCC) version 4.8.5 20150623 (Red Hat 4.8.5-36) (x86_64-redhat-linux)
	compiled by GNU C version 4.8.5 20150623 (Red Hat 4.8.5-36), GMP version 6.0.0, MPFR version 3.1.1, MPC version 1.0.1
GGC heuristics: --param ggc-min-expand=100 --param ggc-min-heapsize=131072
Compiler executable checksum: 592abcad67b46aec035d56e51f71d007
COLLECT_GCC_OPTIONS='-v' '-o' 'CMakeFiles/cmTC_d86d9.dir/CMakeCCompilerABI.c.o' '-c' '-mtune=generic' '-march=x86-64'
 as -v --64 -o CMakeFiles/cmTC_d86d9.dir/CMakeCCompilerABI.c.o /tmp/cce4Sw5I.s
GNU assembler version 2.27 (x86_64-redhat-linux) using BFD version version 2.27-34.base.el7
COMPILER_PATH=/usr/libexec/gcc/x86_64-redhat-linux/4.8.5/:/usr/libexec/gcc/x86_64-redhat-linux/4.8.5/:/usr/libexec/gcc/x86_64-redhat-linux/:/usr/lib/gcc/x86_64-redhat-linux/4.8.5/:/usr/lib/gcc/x86_64-redhat-linux/
LIBRARY_PATH=/home/app/lapack/3.8.0/cpu/lib64/../lib64/:/usr/lib/gcc/x86_64-redhat-linux/4.8.5/:/usr/lib/gcc/x86_64-redhat-linux/4.8.5/../../../../lib64/:/lib/../lib64/:/usr/lib/../lib64/:/home/app/pgplot/cpu/:/home/app/lapack/3.8.0/cpu/lib64/:/home/app/fftw3/3.3.8/cpu/lib/:/home/app/boost/1.65.1/cpu/lib/:/home/app/mpich/3.2.1/cpu/gcc/4.8.5/lib/:/usr/lib/gcc/x86_64-redhat-linux/4.8.5/../../../:/lib/:/usr/lib/
COLLECT_GCC_OPTIONS='-v' '-o' 'CMakeFiles/cmTC_d86d9.dir/CMakeCCompilerABI.c.o' '-c' '-mtune=generic' '-march=x86-64'
Linking C executable cmTC_d86d9
/home/app/cmake/3.15.2/cpu/bin/cmake -E cmake_link_script CMakeFiles/cmTC_d86d9.dir/link.txt --verbose=1
/usr/bin/gcc     -v -rdynamic CMakeFiles/cmTC_d86d9.dir/CMakeCCompilerABI.c.o  -o cmTC_d86d9 
Using built-in specs.
COLLECT_GCC=/usr/bin/gcc
COLLECT_LTO_WRAPPER=/usr/libexec/gcc/x86_64-redhat-linux/4.8.5/lto-wrapper
Target: x86_64-redhat-linux
Configured with: ../configure --prefix=/usr --mandir=/usr/share/man --infodir=/usr/share/info --with-bugurl=http://bugzilla.redhat.com/bugzilla --enable-bootstrap --enable-shared --enable-threads=posix --enable-checking=release --with-system-zlib --enable-__cxa_atexit --disable-libunwind-exceptions --enable-gnu-unique-object --enable-linker-build-id --with-linker-hash-style=gnu --enable-languages=c,c++,objc,obj-c++,java,fortran,ada,go,lto --enable-plugin --enable-initfini-array --disable-libgcj --with-isl=/builddir/build/BUILD/gcc-4.8.5-20150702/obj-x86_64-redhat-linux/isl-install --with-cloog=/builddir/build/BUILD/gcc-4.8.5-20150702/obj-x86_64-redhat-linux/cloog-install --enable-gnu-indirect-function --with-tune=generic --with-arch_32=x86-64 --build=x86_64-redhat-linux
Thread model: posix
gcc version 4.8.5 20150623 (Red Hat 4.8.5-36) (GCC) 
COMPILER_PATH=/usr/libexec/gcc/x86_64-redhat-linux/4.8.5/:/usr/libexec/gcc/x86_64-redhat-linux/4.8.5/:/usr/libexec/gcc/x86_64-redhat-linux/:/usr/lib/gcc/x86_64-redhat-linux/4.8.5/:/usr/lib/gcc/x86_64-redhat-linux/
LIBRARY_PATH=/home/app/lapack/3.8.0/cpu/lib64/../lib64/:/usr/lib/gcc/x86_64-redhat-linux/4.8.5/:/usr/lib/gcc/x86_64-redhat-linux/4.8.5/../../../../lib64/:/lib/../lib64/:/usr/lib/../lib64/:/home/app/pgplot/cpu/:/home/app/lapack/3.8.0/cpu/lib64/:/home/app/fftw3/3.3.8/cpu/lib/:/home/app/boost/1.65.1/cpu/lib/:/home/app/mpich/3.2.1/cpu/gcc/4.8.5/lib/:/usr/lib/gcc/x86_64-redhat-linux/4.8.5/../../../:/lib/:/usr/lib/
COLLECT_GCC_OPTIONS='-v' '-rdynamic' '-o' 'cmTC_d86d9' '-mtune=generic' '-march=x86-64'
 /usr/libexec/gcc/x86_64-redhat-linux/4.8.5/collect2 --build-id --no-add-needed --eh-frame-hdr --hash-style=gnu -m elf_x86_64 -export-dynamic -dynamic-linker /lib64/ld-linux-x86-64.so.2 -o cmTC_d86d9 /usr/lib/gcc/x86_64-redhat-linux/4.8.5/../../../../lib64/crt1.o /usr/lib/gcc/x86_64-redhat-linux/4.8.5/../../../../lib64/crti.o /usr/lib/gcc/x86_64-redhat-linux/4.8.5/crtbegin.o -L/home/app/lapack/3.8.0/cpu/lib64/../lib64 -L/usr/lib/gcc/x86_64-redhat-linux/4.8.5 -L/usr/lib/gcc/x86_64-redhat-linux/4.8.5/../../../../lib64 -L/lib/../lib64 -L/usr/lib/../lib64 -L/home/app/pgplot/cpu -L/home/app/lapack/3.8.0/cpu/lib64 -L/home/app/fftw3/3.3.8/cpu/lib -L/home/app/boost/1.65.1/cpu/lib -L/home/app/mpich/3.2.1/cpu/gcc/4.8.5/lib -L/usr/lib/gcc/x86_64-redhat-linux/4.8.5/../../.. CMakeFiles/cmTC_d86d9.dir/CMakeCCompilerABI.c.o -lgcc --as-needed -lgcc_s --no-as-needed -lc -lgcc --as-needed -lgcc_s --no-as-needed /usr/lib/gcc/x86_64-redhat-linux/4.8.5/crtend.o /usr/lib/gcc/x86_64-redhat-linux/4.8.5/../../../../lib64/crtn.o
gmake[1]: Leaving directory `/ssd/ASKAP/cloud-dingo-blao/shao-cpu-mpich/base-askap/build/CMakeFiles/CMakeTmp'



Parsed C implicit include dir info from above output: rv=done
  found start of include info
  found start of implicit include info
    add: [/home/app/cfitsio/cpu/include]
    add: [/home/app/lapack/3.8.0/cpu/include]
    add: [/home/app/fftw3/3.3.8/cpu/include]
    add: [/home/app/python/2.7.14/cpu/include/python2.7]
    add: [/home/app/mpich/3.2.1/cpu/gcc/4.8.5/include]
    add: [/home/app/hdf5/1.10.4/cpu/include]
    add: [/home/app/boost/1.65.1/cpu/include]
    add: [/usr/lib/gcc/x86_64-redhat-linux/4.8.5/include]
    add: [/usr/local/include]
    add: [/usr/include]
  end of search list found
  collapse include dir [/home/app/cfitsio/cpu/include] ==> [/home/app/cfitsio/cpu/include]
  collapse include dir [/home/app/lapack/3.8.0/cpu/include] ==> [/home/app/lapack/3.8.0/cpu/include]
  collapse include dir [/home/app/fftw3/3.3.8/cpu/include] ==> [/home/app/fftw3/3.3.8/cpu/include]
  collapse include dir [/home/app/python/2.7.14/cpu/include/python2.7] ==> [/home/app/python/2.7.14/cpu/include/python2.7]
  collapse include dir [/home/app/mpich/3.2.1/cpu/gcc/4.8.5/include] ==> [/home/app/mpich/3.2.1/cpu/gcc/4.8.5/include]
  collapse include dir [/home/app/hdf5/1.10.4/cpu/include] ==> [/home/app/hdf5/1.10.4/cpu/include]
  collapse include dir [/home/app/boost/1.65.1/cpu/include] ==> [/home/app/boost/1.65.1/cpu/include]
  collapse include dir [/usr/lib/gcc/x86_64-redhat-linux/4.8.5/include] ==> [/usr/lib/gcc/x86_64-redhat-linux/4.8.5/include]
  collapse include dir [/usr/local/include] ==> [/usr/local/include]
  collapse include dir [/usr/include] ==> [/usr/include]
  implicit include dirs: [/home/app/cfitsio/cpu/include;/home/app/lapack/3.8.0/cpu/include;/home/app/fftw3/3.3.8/cpu/include;/home/app/python/2.7.14/cpu/include/python2.7;/home/app/mpich/3.2.1/cpu/gcc/4.8.5/include;/home/app/hdf5/1.10.4/cpu/include;/home/app/boost/1.65.1/cpu/include;/usr/lib/gcc/x86_64-redhat-linux/4.8.5/include;/usr/local/include;/usr/include]


Parsed C implicit link information from above output:
  link line regex: [^( *|.*[/\])(ld|CMAKE_LINK_STARTFILE-NOTFOUND|([^/\]+-)?ld|collect2)[^/\]*( |$)]
  ignore line: [Change Dir: /ssd/ASKAP/cloud-dingo-blao/shao-cpu-mpich/base-askap/build/CMakeFiles/CMakeTmp]
  ignore line: []
  ignore line: [Run Build Command(s):/usr/bin/gmake cmTC_d86d9/fast && /usr/bin/gmake -f CMakeFiles/cmTC_d86d9.dir/build.make CMakeFiles/cmTC_d86d9.dir/build]
  ignore line: [gmake[1]: Entering directory `/ssd/ASKAP/cloud-dingo-blao/shao-cpu-mpich/base-askap/build/CMakeFiles/CMakeTmp']
  ignore line: [Building C object CMakeFiles/cmTC_d86d9.dir/CMakeCCompilerABI.c.o]
  ignore line: [/usr/bin/gcc   -v -o CMakeFiles/cmTC_d86d9.dir/CMakeCCompilerABI.c.o   -c /home/app/cmake/3.15.2/cpu/share/cmake-3.15/Modules/CMakeCCompilerABI.c]
  ignore line: [Using built-in specs.]
  ignore line: [COLLECT_GCC=/usr/bin/gcc]
  ignore line: [Target: x86_64-redhat-linux]
  ignore line: [Configured with: ../configure --prefix=/usr --mandir=/usr/share/man --infodir=/usr/share/info --with-bugurl=http://bugzilla.redhat.com/bugzilla --enable-bootstrap --enable-shared --enable-threads=posix --enable-checking=release --with-system-zlib --enable-__cxa_atexit --disable-libunwind-exceptions --enable-gnu-unique-object --enable-linker-build-id --with-linker-hash-style=gnu --enable-languages=c,c++,objc,obj-c++,java,fortran,ada,go,lto --enable-plugin --enable-initfini-array --disable-libgcj --with-isl=/builddir/build/BUILD/gcc-4.8.5-20150702/obj-x86_64-redhat-linux/isl-install --with-cloog=/builddir/build/BUILD/gcc-4.8.5-20150702/obj-x86_64-redhat-linux/cloog-install --enable-gnu-indirect-function --with-tune=generic --with-arch_32=x86-64 --build=x86_64-redhat-linux]
  ignore line: [Thread model: posix]
  ignore line: [gcc version 4.8.5 20150623 (Red Hat 4.8.5-36) (GCC) ]
  ignore line: [COLLECT_GCC_OPTIONS='-v' '-o' 'CMakeFiles/cmTC_d86d9.dir/CMakeCCompilerABI.c.o' '-c' '-mtune=generic' '-march=x86-64']
  ignore line: [ /usr/libexec/gcc/x86_64-redhat-linux/4.8.5/cc1 -quiet -v /home/app/cmake/3.15.2/cpu/share/cmake-3.15/Modules/CMakeCCompilerABI.c -quiet -dumpbase CMakeCCompilerABI.c -mtune=generic -march=x86-64 -auxbase-strip CMakeFiles/cmTC_d86d9.dir/CMakeCCompilerABI.c.o -version -o /tmp/cce4Sw5I.s]
  ignore line: [GNU C (GCC) version 4.8.5 20150623 (Red Hat 4.8.5-36) (x86_64-redhat-linux)]
  ignore line: [	compiled by GNU C version 4.8.5 20150623 (Red Hat 4.8.5-36), GMP version 6.0.0, MPFR version 3.1.1, MPC version 1.0.1]
  ignore line: [GGC heuristics: --param ggc-min-expand=100 --param ggc-min-heapsize=131072]
  ignore line: [ignoring nonexistent directory "/usr/lib/gcc/x86_64-redhat-linux/4.8.5/include-fixed"]
  ignore line: [ignoring nonexistent directory "/usr/lib/gcc/x86_64-redhat-linux/4.8.5/../../../../x86_64-redhat-linux/include"]
  ignore line: [ignoring duplicate directory "/home/app/hdf5/1.10.4/cpu/include"]
  ignore line: [  as it is a non-system directory that duplicates a system directory]
  ignore line: [ignoring duplicate directory "/home/app/boost/1.65.1/cpu/include"]
  ignore line: [  as it is a non-system directory that duplicates a system directory]
  ignore line: [#include "..." search starts here:]
  ignore line: [#include <...> search starts here:]
  ignore line: [ /home/app/cfitsio/cpu/include]
  ignore line: [ /home/app/lapack/3.8.0/cpu/include]
  ignore line: [ /home/app/fftw3/3.3.8/cpu/include]
  ignore line: [ /home/app/python/2.7.14/cpu/include/python2.7]
  ignore line: [ /home/app/mpich/3.2.1/cpu/gcc/4.8.5/include]
  ignore line: [ /home/app/hdf5/1.10.4/cpu/include]
  ignore line: [ /home/app/boost/1.65.1/cpu/include]
  ignore line: [ /usr/lib/gcc/x86_64-redhat-linux/4.8.5/include]
  ignore line: [ /usr/local/include]
  ignore line: [ /usr/include]
  ignore line: [End of search list.]
  ignore line: [GNU C (GCC) version 4.8.5 20150623 (Red Hat 4.8.5-36) (x86_64-redhat-linux)]
  ignore line: [	compiled by GNU C version 4.8.5 20150623 (Red Hat 4.8.5-36), GMP version 6.0.0, MPFR version 3.1.1, MPC version 1.0.1]
  ignore line: [GGC heuristics: --param ggc-min-expand=100 --param ggc-min-heapsize=131072]
  ignore line: [Compiler executable checksum: 592abcad67b46aec035d56e51f71d007]
  ignore line: [COLLECT_GCC_OPTIONS='-v' '-o' 'CMakeFiles/cmTC_d86d9.dir/CMakeCCompilerABI.c.o' '-c' '-mtune=generic' '-march=x86-64']
  ignore line: [ as -v --64 -o CMakeFiles/cmTC_d86d9.dir/CMakeCCompilerABI.c.o /tmp/cce4Sw5I.s]
  ignore line: [GNU assembler version 2.27 (x86_64-redhat-linux) using BFD version version 2.27-34.base.el7]
  ignore line: [COMPILER_PATH=/usr/libexec/gcc/x86_64-redhat-linux/4.8.5/:/usr/libexec/gcc/x86_64-redhat-linux/4.8.5/:/usr/libexec/gcc/x86_64-redhat-linux/:/usr/lib/gcc/x86_64-redhat-linux/4.8.5/:/usr/lib/gcc/x86_64-redhat-linux/]
  ignore line: [LIBRARY_PATH=/home/app/lapack/3.8.0/cpu/lib64/../lib64/:/usr/lib/gcc/x86_64-redhat-linux/4.8.5/:/usr/lib/gcc/x86_64-redhat-linux/4.8.5/../../../../lib64/:/lib/../lib64/:/usr/lib/../lib64/:/home/app/pgplot/cpu/:/home/app/lapack/3.8.0/cpu/lib64/:/home/app/fftw3/3.3.8/cpu/lib/:/home/app/boost/1.65.1/cpu/lib/:/home/app/mpich/3.2.1/cpu/gcc/4.8.5/lib/:/usr/lib/gcc/x86_64-redhat-linux/4.8.5/../../../:/lib/:/usr/lib/]
  ignore line: [COLLECT_GCC_OPTIONS='-v' '-o' 'CMakeFiles/cmTC_d86d9.dir/CMakeCCompilerABI.c.o' '-c' '-mtune=generic' '-march=x86-64']
  ignore line: [Linking C executable cmTC_d86d9]
  ignore line: [/home/app/cmake/3.15.2/cpu/bin/cmake -E cmake_link_script CMakeFiles/cmTC_d86d9.dir/link.txt --verbose=1]
  ignore line: [/usr/bin/gcc     -v -rdynamic CMakeFiles/cmTC_d86d9.dir/CMakeCCompilerABI.c.o  -o cmTC_d86d9 ]
  ignore line: [Using built-in specs.]
  ignore line: [COLLECT_GCC=/usr/bin/gcc]
  ignore line: [COLLECT_LTO_WRAPPER=/usr/libexec/gcc/x86_64-redhat-linux/4.8.5/lto-wrapper]
  ignore line: [Target: x86_64-redhat-linux]
  ignore line: [Configured with: ../configure --prefix=/usr --mandir=/usr/share/man --infodir=/usr/share/info --with-bugurl=http://bugzilla.redhat.com/bugzilla --enable-bootstrap --enable-shared --enable-threads=posix --enable-checking=release --with-system-zlib --enable-__cxa_atexit --disable-libunwind-exceptions --enable-gnu-unique-object --enable-linker-build-id --with-linker-hash-style=gnu --enable-languages=c,c++,objc,obj-c++,java,fortran,ada,go,lto --enable-plugin --enable-initfini-array --disable-libgcj --with-isl=/builddir/build/BUILD/gcc-4.8.5-20150702/obj-x86_64-redhat-linux/isl-install --with-cloog=/builddir/build/BUILD/gcc-4.8.5-20150702/obj-x86_64-redhat-linux/cloog-install --enable-gnu-indirect-function --with-tune=generic --with-arch_32=x86-64 --build=x86_64-redhat-linux]
  ignore line: [Thread model: posix]
  ignore line: [gcc version 4.8.5 20150623 (Red Hat 4.8.5-36) (GCC) ]
  ignore line: [COMPILER_PATH=/usr/libexec/gcc/x86_64-redhat-linux/4.8.5/:/usr/libexec/gcc/x86_64-redhat-linux/4.8.5/:/usr/libexec/gcc/x86_64-redhat-linux/:/usr/lib/gcc/x86_64-redhat-linux/4.8.5/:/usr/lib/gcc/x86_64-redhat-linux/]
  ignore line: [LIBRARY_PATH=/home/app/lapack/3.8.0/cpu/lib64/../lib64/:/usr/lib/gcc/x86_64-redhat-linux/4.8.5/:/usr/lib/gcc/x86_64-redhat-linux/4.8.5/../../../../lib64/:/lib/../lib64/:/usr/lib/../lib64/:/home/app/pgplot/cpu/:/home/app/lapack/3.8.0/cpu/lib64/:/home/app/fftw3/3.3.8/cpu/lib/:/home/app/boost/1.65.1/cpu/lib/:/home/app/mpich/3.2.1/cpu/gcc/4.8.5/lib/:/usr/lib/gcc/x86_64-redhat-linux/4.8.5/../../../:/lib/:/usr/lib/]
  ignore line: [COLLECT_GCC_OPTIONS='-v' '-rdynamic' '-o' 'cmTC_d86d9' '-mtune=generic' '-march=x86-64']
  link line: [ /usr/libexec/gcc/x86_64-redhat-linux/4.8.5/collect2 --build-id --no-add-needed --eh-frame-hdr --hash-style=gnu -m elf_x86_64 -export-dynamic -dynamic-linker /lib64/ld-linux-x86-64.so.2 -o cmTC_d86d9 /usr/lib/gcc/x86_64-redhat-linux/4.8.5/../../../../lib64/crt1.o /usr/lib/gcc/x86_64-redhat-linux/4.8.5/../../../../lib64/crti.o /usr/lib/gcc/x86_64-redhat-linux/4.8.5/crtbegin.o -L/home/app/lapack/3.8.0/cpu/lib64/../lib64 -L/usr/lib/gcc/x86_64-redhat-linux/4.8.5 -L/usr/lib/gcc/x86_64-redhat-linux/4.8.5/../../../../lib64 -L/lib/../lib64 -L/usr/lib/../lib64 -L/home/app/pgplot/cpu -L/home/app/lapack/3.8.0/cpu/lib64 -L/home/app/fftw3/3.3.8/cpu/lib -L/home/app/boost/1.65.1/cpu/lib -L/home/app/mpich/3.2.1/cpu/gcc/4.8.5/lib -L/usr/lib/gcc/x86_64-redhat-linux/4.8.5/../../.. CMakeFiles/cmTC_d86d9.dir/CMakeCCompilerABI.c.o -lgcc --as-needed -lgcc_s --no-as-needed -lc -lgcc --as-needed -lgcc_s --no-as-needed /usr/lib/gcc/x86_64-redhat-linux/4.8.5/crtend.o /usr/lib/gcc/x86_64-redhat-linux/4.8.5/../../../../lib64/crtn.o]
    arg [/usr/libexec/gcc/x86_64-redhat-linux/4.8.5/collect2] ==> ignore
    arg [--build-id] ==> ignore
    arg [--no-add-needed] ==> ignore
    arg [--eh-frame-hdr] ==> ignore
    arg [--hash-style=gnu] ==> ignore
    arg [-m] ==> ignore
    arg [elf_x86_64] ==> ignore
    arg [-export-dynamic] ==> ignore
    arg [-dynamic-linker] ==> ignore
    arg [/lib64/ld-linux-x86-64.so.2] ==> ignore
    arg [-o] ==> ignore
    arg [cmTC_d86d9] ==> ignore
    arg [/usr/lib/gcc/x86_64-redhat-linux/4.8.5/../../../../lib64/crt1.o] ==> ignore
    arg [/usr/lib/gcc/x86_64-redhat-linux/4.8.5/../../../../lib64/crti.o] ==> ignore
    arg [/usr/lib/gcc/x86_64-redhat-linux/4.8.5/crtbegin.o] ==> ignore
    arg [-L/home/app/lapack/3.8.0/cpu/lib64/../lib64] ==> dir [/home/app/lapack/3.8.0/cpu/lib64/../lib64]
    arg [-L/usr/lib/gcc/x86_64-redhat-linux/4.8.5] ==> dir [/usr/lib/gcc/x86_64-redhat-linux/4.8.5]
    arg [-L/usr/lib/gcc/x86_64-redhat-linux/4.8.5/../../../../lib64] ==> dir [/usr/lib/gcc/x86_64-redhat-linux/4.8.5/../../../../lib64]
    arg [-L/lib/../lib64] ==> dir [/lib/../lib64]
    arg [-L/usr/lib/../lib64] ==> dir [/usr/lib/../lib64]
    arg [-L/home/app/pgplot/cpu] ==> dir [/home/app/pgplot/cpu]
    arg [-L/home/app/lapack/3.8.0/cpu/lib64] ==> dir [/home/app/lapack/3.8.0/cpu/lib64]
    arg [-L/home/app/fftw3/3.3.8/cpu/lib] ==> dir [/home/app/fftw3/3.3.8/cpu/lib]
    arg [-L/home/app/boost/1.65.1/cpu/lib] ==> dir [/home/app/boost/1.65.1/cpu/lib]
    arg [-L/home/app/mpich/3.2.1/cpu/gcc/4.8.5/lib] ==> dir [/home/app/mpich/3.2.1/cpu/gcc/4.8.5/lib]
    arg [-L/usr/lib/gcc/x86_64-redhat-linux/4.8.5/../../..] ==> dir [/usr/lib/gcc/x86_64-redhat-linux/4.8.5/../../..]
    arg [CMakeFiles/cmTC_d86d9.dir/CMakeCCompilerABI.c.o] ==> ignore
    arg [-lgcc] ==> lib [gcc]
    arg [--as-needed] ==> ignore
    arg [-lgcc_s] ==> lib [gcc_s]
    arg [--no-as-needed] ==> ignore
    arg [-lc] ==> lib [c]
    arg [-lgcc] ==> lib [gcc]
    arg [--as-needed] ==> ignore
    arg [-lgcc_s] ==> lib [gcc_s]
    arg [--no-as-needed] ==> ignore
    arg [/usr/lib/gcc/x86_64-redhat-linux/4.8.5/crtend.o] ==> ignore
    arg [/usr/lib/gcc/x86_64-redhat-linux/4.8.5/../../../../lib64/crtn.o] ==> ignore
  collapse library dir [/home/app/lapack/3.8.0/cpu/lib64/../lib64] ==> [/home/app/lapack/3.8.0/cpu/lib64]
  collapse library dir [/usr/lib/gcc/x86_64-redhat-linux/4.8.5] ==> [/usr/lib/gcc/x86_64-redhat-linux/4.8.5]
  collapse library dir [/usr/lib/gcc/x86_64-redhat-linux/4.8.5/../../../../lib64] ==> [/usr/lib64]
  collapse library dir [/lib/../lib64] ==> [/lib64]
  collapse library dir [/usr/lib/../lib64] ==> [/usr/lib64]
  collapse library dir [/home/app/pgplot/cpu] ==> [/home/app/pgplot/cpu]
  collapse library dir [/home/app/lapack/3.8.0/cpu/lib64] ==> [/home/app/lapack/3.8.0/cpu/lib64]
  collapse library dir [/home/app/fftw3/3.3.8/cpu/lib] ==> [/home/app/fftw3/3.3.8/cpu/lib]
  collapse library dir [/home/app/boost/1.65.1/cpu/lib] ==> [/home/app/boost/1.65.1/cpu/lib]
  collapse library dir [/home/app/mpich/3.2.1/cpu/gcc/4.8.5/lib] ==> [/home/app/mpich/3.2.1/cpu/gcc/4.8.5/lib]
  collapse library dir [/usr/lib/gcc/x86_64-redhat-linux/4.8.5/../../..] ==> [/usr/lib]
  implicit libs: [gcc;gcc_s;c;gcc;gcc_s]
  implicit dirs: [/home/app/lapack/3.8.0/cpu/lib64;/usr/lib/gcc/x86_64-redhat-linux/4.8.5;/usr/lib64;/lib64;/home/app/pgplot/cpu;/home/app/fftw3/3.3.8/cpu/lib;/home/app/boost/1.65.1/cpu/lib;/home/app/mpich/3.2.1/cpu/gcc/4.8.5/lib;/usr/lib]
  implicit fwks: []


Determining if the CXX compiler works passed with the following output:
Change Dir: /ssd/ASKAP/cloud-dingo-blao/shao-cpu-mpich/base-askap/build/CMakeFiles/CMakeTmp

Run Build Command(s):/usr/bin/gmake cmTC_166ea/fast && /usr/bin/gmake -f CMakeFiles/cmTC_166ea.dir/build.make CMakeFiles/cmTC_166ea.dir/build
gmake[1]: Entering directory `/ssd/ASKAP/cloud-dingo-blao/shao-cpu-mpich/base-askap/build/CMakeFiles/CMakeTmp'
Building CXX object CMakeFiles/cmTC_166ea.dir/testCXXCompiler.cxx.o
/usr/bin/g++     -o CMakeFiles/cmTC_166ea.dir/testCXXCompiler.cxx.o -c /ssd/ASKAP/cloud-dingo-blao/shao-cpu-mpich/base-askap/build/CMakeFiles/CMakeTmp/testCXXCompiler.cxx
Linking CXX executable cmTC_166ea
/home/app/cmake/3.15.2/cpu/bin/cmake -E cmake_link_script CMakeFiles/cmTC_166ea.dir/link.txt --verbose=1
/usr/bin/g++       -rdynamic CMakeFiles/cmTC_166ea.dir/testCXXCompiler.cxx.o  -o cmTC_166ea 
gmake[1]: Leaving directory `/ssd/ASKAP/cloud-dingo-blao/shao-cpu-mpich/base-askap/build/CMakeFiles/CMakeTmp'



Detecting CXX compiler ABI info compiled with the following output:
Change Dir: /ssd/ASKAP/cloud-dingo-blao/shao-cpu-mpich/base-askap/build/CMakeFiles/CMakeTmp

Run Build Command(s):/usr/bin/gmake cmTC_ba5f0/fast && /usr/bin/gmake -f CMakeFiles/cmTC_ba5f0.dir/build.make CMakeFiles/cmTC_ba5f0.dir/build
gmake[1]: Entering directory `/ssd/ASKAP/cloud-dingo-blao/shao-cpu-mpich/base-askap/build/CMakeFiles/CMakeTmp'
Building CXX object CMakeFiles/cmTC_ba5f0.dir/CMakeCXXCompilerABI.cpp.o
/usr/bin/g++    -v -o CMakeFiles/cmTC_ba5f0.dir/CMakeCXXCompilerABI.cpp.o -c /home/app/cmake/3.15.2/cpu/share/cmake-3.15/Modules/CMakeCXXCompilerABI.cpp
Using built-in specs.
COLLECT_GCC=/usr/bin/g++
Target: x86_64-redhat-linux
Configured with: ../configure --prefix=/usr --mandir=/usr/share/man --infodir=/usr/share/info --with-bugurl=http://bugzilla.redhat.com/bugzilla --enable-bootstrap --enable-shared --enable-threads=posix --enable-checking=release --with-system-zlib --enable-__cxa_atexit --disable-libunwind-exceptions --enable-gnu-unique-object --enable-linker-build-id --with-linker-hash-style=gnu --enable-languages=c,c++,objc,obj-c++,java,fortran,ada,go,lto --enable-plugin --enable-initfini-array --disable-libgcj --with-isl=/builddir/build/BUILD/gcc-4.8.5-20150702/obj-x86_64-redhat-linux/isl-install --with-cloog=/builddir/build/BUILD/gcc-4.8.5-20150702/obj-x86_64-redhat-linux/cloog-install --enable-gnu-indirect-function --with-tune=generic --with-arch_32=x86-64 --build=x86_64-redhat-linux
Thread model: posix
gcc version 4.8.5 20150623 (Red Hat 4.8.5-36) (GCC) 
COLLECT_GCC_OPTIONS='-v' '-o' 'CMakeFiles/cmTC_ba5f0.dir/CMakeCXXCompilerABI.cpp.o' '-c' '-shared-libgcc' '-mtune=generic' '-march=x86-64'
 /usr/libexec/gcc/x86_64-redhat-linux/4.8.5/cc1plus -quiet -v -D_GNU_SOURCE /home/app/cmake/3.15.2/cpu/share/cmake-3.15/Modules/CMakeCXXCompilerABI.cpp -quiet -dumpbase CMakeCXXCompilerABI.cpp -mtune=generic -march=x86-64 -auxbase-strip CMakeFiles/cmTC_ba5f0.dir/CMakeCXXCompilerABI.cpp.o -version -o /tmp/ccLt3ib2.s
GNU C++ (GCC) version 4.8.5 20150623 (Red Hat 4.8.5-36) (x86_64-redhat-linux)
	compiled by GNU C version 4.8.5 20150623 (Red Hat 4.8.5-36), GMP version 6.0.0, MPFR version 3.1.1, MPC version 1.0.1
GGC heuristics: --param ggc-min-expand=100 --param ggc-min-heapsize=131072
ignoring nonexistent directory "/usr/lib/gcc/x86_64-redhat-linux/4.8.5/include-fixed"
ignoring nonexistent directory "/usr/lib/gcc/x86_64-redhat-linux/4.8.5/../../../../x86_64-redhat-linux/include"
ignoring duplicate directory "/home/app/hdf5/1.10.4/cpu/include"
  as it is a non-system directory that duplicates a system directory
ignoring duplicate directory "/home/app/boost/1.65.1/cpu/include"
  as it is a non-system directory that duplicates a system directory
#include "..." search starts here:
#include <...> search starts here:
 /home/app/cfitsio/cpu/include
 /home/app/lapack/3.8.0/cpu/include
 /home/app/fftw3/3.3.8/cpu/include
 /home/app/python/2.7.14/cpu/include/python2.7
 /home/app/mpich/3.2.1/cpu/gcc/4.8.5/include
 /home/app/hdf5/1.10.4/cpu/include
 /home/app/boost/1.65.1/cpu/include
 /usr/lib/gcc/x86_64-redhat-linux/4.8.5/../../../../include/c++/4.8.5
 /usr/lib/gcc/x86_64-redhat-linux/4.8.5/../../../../include/c++/4.8.5/x86_64-redhat-linux
 /usr/lib/gcc/x86_64-redhat-linux/4.8.5/../../../../include/c++/4.8.5/backward
 /usr/lib/gcc/x86_64-redhat-linux/4.8.5/include
 /usr/local/include
 /usr/include
End of search list.
GNU C++ (GCC) version 4.8.5 20150623 (Red Hat 4.8.5-36) (x86_64-redhat-linux)
	compiled by GNU C version 4.8.5 20150623 (Red Hat 4.8.5-36), GMP version 6.0.0, MPFR version 3.1.1, MPC version 1.0.1
GGC heuristics: --param ggc-min-expand=100 --param ggc-min-heapsize=131072
Compiler executable checksum: 9340310b160f8e0621cdd942e42cc106
COLLECT_GCC_OPTIONS='-v' '-o' 'CMakeFiles/cmTC_ba5f0.dir/CMakeCXXCompilerABI.cpp.o' '-c' '-shared-libgcc' '-mtune=generic' '-march=x86-64'
 as -v --64 -o CMakeFiles/cmTC_ba5f0.dir/CMakeCXXCompilerABI.cpp.o /tmp/ccLt3ib2.s
GNU assembler version 2.27 (x86_64-redhat-linux) using BFD version version 2.27-34.base.el7
COMPILER_PATH=/usr/libexec/gcc/x86_64-redhat-linux/4.8.5/:/usr/libexec/gcc/x86_64-redhat-linux/4.8.5/:/usr/libexec/gcc/x86_64-redhat-linux/:/usr/lib/gcc/x86_64-redhat-linux/4.8.5/:/usr/lib/gcc/x86_64-redhat-linux/
LIBRARY_PATH=/home/app/lapack/3.8.0/cpu/lib64/../lib64/:/usr/lib/gcc/x86_64-redhat-linux/4.8.5/:/usr/lib/gcc/x86_64-redhat-linux/4.8.5/../../../../lib64/:/lib/../lib64/:/usr/lib/../lib64/:/home/app/pgplot/cpu/:/home/app/lapack/3.8.0/cpu/lib64/:/home/app/fftw3/3.3.8/cpu/lib/:/home/app/boost/1.65.1/cpu/lib/:/home/app/mpich/3.2.1/cpu/gcc/4.8.5/lib/:/usr/lib/gcc/x86_64-redhat-linux/4.8.5/../../../:/lib/:/usr/lib/
COLLECT_GCC_OPTIONS='-v' '-o' 'CMakeFiles/cmTC_ba5f0.dir/CMakeCXXCompilerABI.cpp.o' '-c' '-shared-libgcc' '-mtune=generic' '-march=x86-64'
Linking CXX executable cmTC_ba5f0
/home/app/cmake/3.15.2/cpu/bin/cmake -E cmake_link_script CMakeFiles/cmTC_ba5f0.dir/link.txt --verbose=1
/usr/bin/g++      -v -rdynamic CMakeFiles/cmTC_ba5f0.dir/CMakeCXXCompilerABI.cpp.o  -o cmTC_ba5f0 
Using built-in specs.
COLLECT_GCC=/usr/bin/g++
COLLECT_LTO_WRAPPER=/usr/libexec/gcc/x86_64-redhat-linux/4.8.5/lto-wrapper
Target: x86_64-redhat-linux
Configured with: ../configure --prefix=/usr --mandir=/usr/share/man --infodir=/usr/share/info --with-bugurl=http://bugzilla.redhat.com/bugzilla --enable-bootstrap --enable-shared --enable-threads=posix --enable-checking=release --with-system-zlib --enable-__cxa_atexit --disable-libunwind-exceptions --enable-gnu-unique-object --enable-linker-build-id --with-linker-hash-style=gnu --enable-languages=c,c++,objc,obj-c++,java,fortran,ada,go,lto --enable-plugin --enable-initfini-array --disable-libgcj --with-isl=/builddir/build/BUILD/gcc-4.8.5-20150702/obj-x86_64-redhat-linux/isl-install --with-cloog=/builddir/build/BUILD/gcc-4.8.5-20150702/obj-x86_64-redhat-linux/cloog-install --enable-gnu-indirect-function --with-tune=generic --with-arch_32=x86-64 --build=x86_64-redhat-linux
Thread model: posix
gcc version 4.8.5 20150623 (Red Hat 4.8.5-36) (GCC) 
COMPILER_PATH=/usr/libexec/gcc/x86_64-redhat-linux/4.8.5/:/usr/libexec/gcc/x86_64-redhat-linux/4.8.5/:/usr/libexec/gcc/x86_64-redhat-linux/:/usr/lib/gcc/x86_64-redhat-linux/4.8.5/:/usr/lib/gcc/x86_64-redhat-linux/
LIBRARY_PATH=/home/app/lapack/3.8.0/cpu/lib64/../lib64/:/usr/lib/gcc/x86_64-redhat-linux/4.8.5/:/usr/lib/gcc/x86_64-redhat-linux/4.8.5/../../../../lib64/:/lib/../lib64/:/usr/lib/../lib64/:/home/app/pgplot/cpu/:/home/app/lapack/3.8.0/cpu/lib64/:/home/app/fftw3/3.3.8/cpu/lib/:/home/app/boost/1.65.1/cpu/lib/:/home/app/mpich/3.2.1/cpu/gcc/4.8.5/lib/:/usr/lib/gcc/x86_64-redhat-linux/4.8.5/../../../:/lib/:/usr/lib/
COLLECT_GCC_OPTIONS='-v' '-rdynamic' '-o' 'cmTC_ba5f0' '-shared-libgcc' '-mtune=generic' '-march=x86-64'
 /usr/libexec/gcc/x86_64-redhat-linux/4.8.5/collect2 --build-id --no-add-needed --eh-frame-hdr --hash-style=gnu -m elf_x86_64 -export-dynamic -dynamic-linker /lib64/ld-linux-x86-64.so.2 -o cmTC_ba5f0 /usr/lib/gcc/x86_64-redhat-linux/4.8.5/../../../../lib64/crt1.o /usr/lib/gcc/x86_64-redhat-linux/4.8.5/../../../../lib64/crti.o /usr/lib/gcc/x86_64-redhat-linux/4.8.5/crtbegin.o -L/home/app/lapack/3.8.0/cpu/lib64/../lib64 -L/usr/lib/gcc/x86_64-redhat-linux/4.8.5 -L/usr/lib/gcc/x86_64-redhat-linux/4.8.5/../../../../lib64 -L/lib/../lib64 -L/usr/lib/../lib64 -L/home/app/pgplot/cpu -L/home/app/lapack/3.8.0/cpu/lib64 -L/home/app/fftw3/3.3.8/cpu/lib -L/home/app/boost/1.65.1/cpu/lib -L/home/app/mpich/3.2.1/cpu/gcc/4.8.5/lib -L/usr/lib/gcc/x86_64-redhat-linux/4.8.5/../../.. CMakeFiles/cmTC_ba5f0.dir/CMakeCXXCompilerABI.cpp.o -lstdc++ -lm -lgcc_s -lgcc -lc -lgcc_s -lgcc /usr/lib/gcc/x86_64-redhat-linux/4.8.5/crtend.o /usr/lib/gcc/x86_64-redhat-linux/4.8.5/../../../../lib64/crtn.o
gmake[1]: Leaving directory `/ssd/ASKAP/cloud-dingo-blao/shao-cpu-mpich/base-askap/build/CMakeFiles/CMakeTmp'



Parsed CXX implicit include dir info from above output: rv=done
  found start of include info
  found start of implicit include info
    add: [/home/app/cfitsio/cpu/include]
    add: [/home/app/lapack/3.8.0/cpu/include]
    add: [/home/app/fftw3/3.3.8/cpu/include]
    add: [/home/app/python/2.7.14/cpu/include/python2.7]
    add: [/home/app/mpich/3.2.1/cpu/gcc/4.8.5/include]
    add: [/home/app/hdf5/1.10.4/cpu/include]
    add: [/home/app/boost/1.65.1/cpu/include]
    add: [/usr/lib/gcc/x86_64-redhat-linux/4.8.5/../../../../include/c++/4.8.5]
    add: [/usr/lib/gcc/x86_64-redhat-linux/4.8.5/../../../../include/c++/4.8.5/x86_64-redhat-linux]
    add: [/usr/lib/gcc/x86_64-redhat-linux/4.8.5/../../../../include/c++/4.8.5/backward]
    add: [/usr/lib/gcc/x86_64-redhat-linux/4.8.5/include]
    add: [/usr/local/include]
    add: [/usr/include]
  end of search list found
  collapse include dir [/home/app/cfitsio/cpu/include] ==> [/home/app/cfitsio/cpu/include]
  collapse include dir [/home/app/lapack/3.8.0/cpu/include] ==> [/home/app/lapack/3.8.0/cpu/include]
  collapse include dir [/home/app/fftw3/3.3.8/cpu/include] ==> [/home/app/fftw3/3.3.8/cpu/include]
  collapse include dir [/home/app/python/2.7.14/cpu/include/python2.7] ==> [/home/app/python/2.7.14/cpu/include/python2.7]
  collapse include dir [/home/app/mpich/3.2.1/cpu/gcc/4.8.5/include] ==> [/home/app/mpich/3.2.1/cpu/gcc/4.8.5/include]
  collapse include dir [/home/app/hdf5/1.10.4/cpu/include] ==> [/home/app/hdf5/1.10.4/cpu/include]
  collapse include dir [/home/app/boost/1.65.1/cpu/include] ==> [/home/app/boost/1.65.1/cpu/include]
  collapse include dir [/usr/lib/gcc/x86_64-redhat-linux/4.8.5/../../../../include/c++/4.8.5] ==> [/usr/include/c++/4.8.5]
  collapse include dir [/usr/lib/gcc/x86_64-redhat-linux/4.8.5/../../../../include/c++/4.8.5/x86_64-redhat-linux] ==> [/usr/include/c++/4.8.5/x86_64-redhat-linux]
  collapse include dir [/usr/lib/gcc/x86_64-redhat-linux/4.8.5/../../../../include/c++/4.8.5/backward] ==> [/usr/include/c++/4.8.5/backward]
  collapse include dir [/usr/lib/gcc/x86_64-redhat-linux/4.8.5/include] ==> [/usr/lib/gcc/x86_64-redhat-linux/4.8.5/include]
  collapse include dir [/usr/local/include] ==> [/usr/local/include]
  collapse include dir [/usr/include] ==> [/usr/include]
  implicit include dirs: [/home/app/cfitsio/cpu/include;/home/app/lapack/3.8.0/cpu/include;/home/app/fftw3/3.3.8/cpu/include;/home/app/python/2.7.14/cpu/include/python2.7;/home/app/mpich/3.2.1/cpu/gcc/4.8.5/include;/home/app/hdf5/1.10.4/cpu/include;/home/app/boost/1.65.1/cpu/include;/usr/include/c++/4.8.5;/usr/include/c++/4.8.5/x86_64-redhat-linux;/usr/include/c++/4.8.5/backward;/usr/lib/gcc/x86_64-redhat-linux/4.8.5/include;/usr/local/include;/usr/include]


Parsed CXX implicit link information from above output:
  link line regex: [^( *|.*[/\])(ld|CMAKE_LINK_STARTFILE-NOTFOUND|([^/\]+-)?ld|collect2)[^/\]*( |$)]
  ignore line: [Change Dir: /ssd/ASKAP/cloud-dingo-blao/shao-cpu-mpich/base-askap/build/CMakeFiles/CMakeTmp]
  ignore line: []
  ignore line: [Run Build Command(s):/usr/bin/gmake cmTC_ba5f0/fast && /usr/bin/gmake -f CMakeFiles/cmTC_ba5f0.dir/build.make CMakeFiles/cmTC_ba5f0.dir/build]
  ignore line: [gmake[1]: Entering directory `/ssd/ASKAP/cloud-dingo-blao/shao-cpu-mpich/base-askap/build/CMakeFiles/CMakeTmp']
  ignore line: [Building CXX object CMakeFiles/cmTC_ba5f0.dir/CMakeCXXCompilerABI.cpp.o]
  ignore line: [/usr/bin/g++    -v -o CMakeFiles/cmTC_ba5f0.dir/CMakeCXXCompilerABI.cpp.o -c /home/app/cmake/3.15.2/cpu/share/cmake-3.15/Modules/CMakeCXXCompilerABI.cpp]
  ignore line: [Using built-in specs.]
  ignore line: [COLLECT_GCC=/usr/bin/g++]
  ignore line: [Target: x86_64-redhat-linux]
  ignore line: [Configured with: ../configure --prefix=/usr --mandir=/usr/share/man --infodir=/usr/share/info --with-bugurl=http://bugzilla.redhat.com/bugzilla --enable-bootstrap --enable-shared --enable-threads=posix --enable-checking=release --with-system-zlib --enable-__cxa_atexit --disable-libunwind-exceptions --enable-gnu-unique-object --enable-linker-build-id --with-linker-hash-style=gnu --enable-languages=c,c++,objc,obj-c++,java,fortran,ada,go,lto --enable-plugin --enable-initfini-array --disable-libgcj --with-isl=/builddir/build/BUILD/gcc-4.8.5-20150702/obj-x86_64-redhat-linux/isl-install --with-cloog=/builddir/build/BUILD/gcc-4.8.5-20150702/obj-x86_64-redhat-linux/cloog-install --enable-gnu-indirect-function --with-tune=generic --with-arch_32=x86-64 --build=x86_64-redhat-linux]
  ignore line: [Thread model: posix]
  ignore line: [gcc version 4.8.5 20150623 (Red Hat 4.8.5-36) (GCC) ]
  ignore line: [COLLECT_GCC_OPTIONS='-v' '-o' 'CMakeFiles/cmTC_ba5f0.dir/CMakeCXXCompilerABI.cpp.o' '-c' '-shared-libgcc' '-mtune=generic' '-march=x86-64']
  ignore line: [ /usr/libexec/gcc/x86_64-redhat-linux/4.8.5/cc1plus -quiet -v -D_GNU_SOURCE /home/app/cmake/3.15.2/cpu/share/cmake-3.15/Modules/CMakeCXXCompilerABI.cpp -quiet -dumpbase CMakeCXXCompilerABI.cpp -mtune=generic -march=x86-64 -auxbase-strip CMakeFiles/cmTC_ba5f0.dir/CMakeCXXCompilerABI.cpp.o -version -o /tmp/ccLt3ib2.s]
  ignore line: [GNU C++ (GCC) version 4.8.5 20150623 (Red Hat 4.8.5-36) (x86_64-redhat-linux)]
  ignore line: [	compiled by GNU C version 4.8.5 20150623 (Red Hat 4.8.5-36), GMP version 6.0.0, MPFR version 3.1.1, MPC version 1.0.1]
  ignore line: [GGC heuristics: --param ggc-min-expand=100 --param ggc-min-heapsize=131072]
  ignore line: [ignoring nonexistent directory "/usr/lib/gcc/x86_64-redhat-linux/4.8.5/include-fixed"]
  ignore line: [ignoring nonexistent directory "/usr/lib/gcc/x86_64-redhat-linux/4.8.5/../../../../x86_64-redhat-linux/include"]
  ignore line: [ignoring duplicate directory "/home/app/hdf5/1.10.4/cpu/include"]
  ignore line: [  as it is a non-system directory that duplicates a system directory]
  ignore line: [ignoring duplicate directory "/home/app/boost/1.65.1/cpu/include"]
  ignore line: [  as it is a non-system directory that duplicates a system directory]
  ignore line: [#include "..." search starts here:]
  ignore line: [#include <...> search starts here:]
  ignore line: [ /home/app/cfitsio/cpu/include]
  ignore line: [ /home/app/lapack/3.8.0/cpu/include]
  ignore line: [ /home/app/fftw3/3.3.8/cpu/include]
  ignore line: [ /home/app/python/2.7.14/cpu/include/python2.7]
  ignore line: [ /home/app/mpich/3.2.1/cpu/gcc/4.8.5/include]
  ignore line: [ /home/app/hdf5/1.10.4/cpu/include]
  ignore line: [ /home/app/boost/1.65.1/cpu/include]
  ignore line: [ /usr/lib/gcc/x86_64-redhat-linux/4.8.5/../../../../include/c++/4.8.5]
  ignore line: [ /usr/lib/gcc/x86_64-redhat-linux/4.8.5/../../../../include/c++/4.8.5/x86_64-redhat-linux]
  ignore line: [ /usr/lib/gcc/x86_64-redhat-linux/4.8.5/../../../../include/c++/4.8.5/backward]
  ignore line: [ /usr/lib/gcc/x86_64-redhat-linux/4.8.5/include]
  ignore line: [ /usr/local/include]
  ignore line: [ /usr/include]
  ignore line: [End of search list.]
  ignore line: [GNU C++ (GCC) version 4.8.5 20150623 (Red Hat 4.8.5-36) (x86_64-redhat-linux)]
  ignore line: [	compiled by GNU C version 4.8.5 20150623 (Red Hat 4.8.5-36), GMP version 6.0.0, MPFR version 3.1.1, MPC version 1.0.1]
  ignore line: [GGC heuristics: --param ggc-min-expand=100 --param ggc-min-heapsize=131072]
  ignore line: [Compiler executable checksum: 9340310b160f8e0621cdd942e42cc106]
  ignore line: [COLLECT_GCC_OPTIONS='-v' '-o' 'CMakeFiles/cmTC_ba5f0.dir/CMakeCXXCompilerABI.cpp.o' '-c' '-shared-libgcc' '-mtune=generic' '-march=x86-64']
  ignore line: [ as -v --64 -o CMakeFiles/cmTC_ba5f0.dir/CMakeCXXCompilerABI.cpp.o /tmp/ccLt3ib2.s]
  ignore line: [GNU assembler version 2.27 (x86_64-redhat-linux) using BFD version version 2.27-34.base.el7]
  ignore line: [COMPILER_PATH=/usr/libexec/gcc/x86_64-redhat-linux/4.8.5/:/usr/libexec/gcc/x86_64-redhat-linux/4.8.5/:/usr/libexec/gcc/x86_64-redhat-linux/:/usr/lib/gcc/x86_64-redhat-linux/4.8.5/:/usr/lib/gcc/x86_64-redhat-linux/]
  ignore line: [LIBRARY_PATH=/home/app/lapack/3.8.0/cpu/lib64/../lib64/:/usr/lib/gcc/x86_64-redhat-linux/4.8.5/:/usr/lib/gcc/x86_64-redhat-linux/4.8.5/../../../../lib64/:/lib/../lib64/:/usr/lib/../lib64/:/home/app/pgplot/cpu/:/home/app/lapack/3.8.0/cpu/lib64/:/home/app/fftw3/3.3.8/cpu/lib/:/home/app/boost/1.65.1/cpu/lib/:/home/app/mpich/3.2.1/cpu/gcc/4.8.5/lib/:/usr/lib/gcc/x86_64-redhat-linux/4.8.5/../../../:/lib/:/usr/lib/]
  ignore line: [COLLECT_GCC_OPTIONS='-v' '-o' 'CMakeFiles/cmTC_ba5f0.dir/CMakeCXXCompilerABI.cpp.o' '-c' '-shared-libgcc' '-mtune=generic' '-march=x86-64']
  ignore line: [Linking CXX executable cmTC_ba5f0]
  ignore line: [/home/app/cmake/3.15.2/cpu/bin/cmake -E cmake_link_script CMakeFiles/cmTC_ba5f0.dir/link.txt --verbose=1]
  ignore line: [/usr/bin/g++      -v -rdynamic CMakeFiles/cmTC_ba5f0.dir/CMakeCXXCompilerABI.cpp.o  -o cmTC_ba5f0 ]
  ignore line: [Using built-in specs.]
  ignore line: [COLLECT_GCC=/usr/bin/g++]
  ignore line: [COLLECT_LTO_WRAPPER=/usr/libexec/gcc/x86_64-redhat-linux/4.8.5/lto-wrapper]
  ignore line: [Target: x86_64-redhat-linux]
  ignore line: [Configured with: ../configure --prefix=/usr --mandir=/usr/share/man --infodir=/usr/share/info --with-bugurl=http://bugzilla.redhat.com/bugzilla --enable-bootstrap --enable-shared --enable-threads=posix --enable-checking=release --with-system-zlib --enable-__cxa_atexit --disable-libunwind-exceptions --enable-gnu-unique-object --enable-linker-build-id --with-linker-hash-style=gnu --enable-languages=c,c++,objc,obj-c++,java,fortran,ada,go,lto --enable-plugin --enable-initfini-array --disable-libgcj --with-isl=/builddir/build/BUILD/gcc-4.8.5-20150702/obj-x86_64-redhat-linux/isl-install --with-cloog=/builddir/build/BUILD/gcc-4.8.5-20150702/obj-x86_64-redhat-linux/cloog-install --enable-gnu-indirect-function --with-tune=generic --with-arch_32=x86-64 --build=x86_64-redhat-linux]
  ignore line: [Thread model: posix]
  ignore line: [gcc version 4.8.5 20150623 (Red Hat 4.8.5-36) (GCC) ]
  ignore line: [COMPILER_PATH=/usr/libexec/gcc/x86_64-redhat-linux/4.8.5/:/usr/libexec/gcc/x86_64-redhat-linux/4.8.5/:/usr/libexec/gcc/x86_64-redhat-linux/:/usr/lib/gcc/x86_64-redhat-linux/4.8.5/:/usr/lib/gcc/x86_64-redhat-linux/]
  ignore line: [LIBRARY_PATH=/home/app/lapack/3.8.0/cpu/lib64/../lib64/:/usr/lib/gcc/x86_64-redhat-linux/4.8.5/:/usr/lib/gcc/x86_64-redhat-linux/4.8.5/../../../../lib64/:/lib/../lib64/:/usr/lib/../lib64/:/home/app/pgplot/cpu/:/home/app/lapack/3.8.0/cpu/lib64/:/home/app/fftw3/3.3.8/cpu/lib/:/home/app/boost/1.65.1/cpu/lib/:/home/app/mpich/3.2.1/cpu/gcc/4.8.5/lib/:/usr/lib/gcc/x86_64-redhat-linux/4.8.5/../../../:/lib/:/usr/lib/]
  ignore line: [COLLECT_GCC_OPTIONS='-v' '-rdynamic' '-o' 'cmTC_ba5f0' '-shared-libgcc' '-mtune=generic' '-march=x86-64']
  link line: [ /usr/libexec/gcc/x86_64-redhat-linux/4.8.5/collect2 --build-id --no-add-needed --eh-frame-hdr --hash-style=gnu -m elf_x86_64 -export-dynamic -dynamic-linker /lib64/ld-linux-x86-64.so.2 -o cmTC_ba5f0 /usr/lib/gcc/x86_64-redhat-linux/4.8.5/../../../../lib64/crt1.o /usr/lib/gcc/x86_64-redhat-linux/4.8.5/../../../../lib64/crti.o /usr/lib/gcc/x86_64-redhat-linux/4.8.5/crtbegin.o -L/home/app/lapack/3.8.0/cpu/lib64/../lib64 -L/usr/lib/gcc/x86_64-redhat-linux/4.8.5 -L/usr/lib/gcc/x86_64-redhat-linux/4.8.5/../../../../lib64 -L/lib/../lib64 -L/usr/lib/../lib64 -L/home/app/pgplot/cpu -L/home/app/lapack/3.8.0/cpu/lib64 -L/home/app/fftw3/3.3.8/cpu/lib -L/home/app/boost/1.65.1/cpu/lib -L/home/app/mpich/3.2.1/cpu/gcc/4.8.5/lib -L/usr/lib/gcc/x86_64-redhat-linux/4.8.5/../../.. CMakeFiles/cmTC_ba5f0.dir/CMakeCXXCompilerABI.cpp.o -lstdc++ -lm -lgcc_s -lgcc -lc -lgcc_s -lgcc /usr/lib/gcc/x86_64-redhat-linux/4.8.5/crtend.o /usr/lib/gcc/x86_64-redhat-linux/4.8.5/../../../../lib64/crtn.o]
    arg [/usr/libexec/gcc/x86_64-redhat-linux/4.8.5/collect2] ==> ignore
    arg [--build-id] ==> ignore
    arg [--no-add-needed] ==> ignore
    arg [--eh-frame-hdr] ==> ignore
    arg [--hash-style=gnu] ==> ignore
    arg [-m] ==> ignore
    arg [elf_x86_64] ==> ignore
    arg [-export-dynamic] ==> ignore
    arg [-dynamic-linker] ==> ignore
    arg [/lib64/ld-linux-x86-64.so.2] ==> ignore
    arg [-o] ==> ignore
    arg [cmTC_ba5f0] ==> ignore
    arg [/usr/lib/gcc/x86_64-redhat-linux/4.8.5/../../../../lib64/crt1.o] ==> ignore
    arg [/usr/lib/gcc/x86_64-redhat-linux/4.8.5/../../../../lib64/crti.o] ==> ignore
    arg [/usr/lib/gcc/x86_64-redhat-linux/4.8.5/crtbegin.o] ==> ignore
    arg [-L/home/app/lapack/3.8.0/cpu/lib64/../lib64] ==> dir [/home/app/lapack/3.8.0/cpu/lib64/../lib64]
    arg [-L/usr/lib/gcc/x86_64-redhat-linux/4.8.5] ==> dir [/usr/lib/gcc/x86_64-redhat-linux/4.8.5]
    arg [-L/usr/lib/gcc/x86_64-redhat-linux/4.8.5/../../../../lib64] ==> dir [/usr/lib/gcc/x86_64-redhat-linux/4.8.5/../../../../lib64]
    arg [-L/lib/../lib64] ==> dir [/lib/../lib64]
    arg [-L/usr/lib/../lib64] ==> dir [/usr/lib/../lib64]
    arg [-L/home/app/pgplot/cpu] ==> dir [/home/app/pgplot/cpu]
    arg [-L/home/app/lapack/3.8.0/cpu/lib64] ==> dir [/home/app/lapack/3.8.0/cpu/lib64]
    arg [-L/home/app/fftw3/3.3.8/cpu/lib] ==> dir [/home/app/fftw3/3.3.8/cpu/lib]
    arg [-L/home/app/boost/1.65.1/cpu/lib] ==> dir [/home/app/boost/1.65.1/cpu/lib]
    arg [-L/home/app/mpich/3.2.1/cpu/gcc/4.8.5/lib] ==> dir [/home/app/mpich/3.2.1/cpu/gcc/4.8.5/lib]
    arg [-L/usr/lib/gcc/x86_64-redhat-linux/4.8.5/../../..] ==> dir [/usr/lib/gcc/x86_64-redhat-linux/4.8.5/../../..]
    arg [CMakeFiles/cmTC_ba5f0.dir/CMakeCXXCompilerABI.cpp.o] ==> ignore
    arg [-lstdc++] ==> lib [stdc++]
    arg [-lm] ==> lib [m]
    arg [-lgcc_s] ==> lib [gcc_s]
    arg [-lgcc] ==> lib [gcc]
    arg [-lc] ==> lib [c]
    arg [-lgcc_s] ==> lib [gcc_s]
    arg [-lgcc] ==> lib [gcc]
    arg [/usr/lib/gcc/x86_64-redhat-linux/4.8.5/crtend.o] ==> ignore
    arg [/usr/lib/gcc/x86_64-redhat-linux/4.8.5/../../../../lib64/crtn.o] ==> ignore
  collapse library dir [/home/app/lapack/3.8.0/cpu/lib64/../lib64] ==> [/home/app/lapack/3.8.0/cpu/lib64]
  collapse library dir [/usr/lib/gcc/x86_64-redhat-linux/4.8.5] ==> [/usr/lib/gcc/x86_64-redhat-linux/4.8.5]
  collapse library dir [/usr/lib/gcc/x86_64-redhat-linux/4.8.5/../../../../lib64] ==> [/usr/lib64]
  collapse library dir [/lib/../lib64] ==> [/lib64]
  collapse library dir [/usr/lib/../lib64] ==> [/usr/lib64]
  collapse library dir [/home/app/pgplot/cpu] ==> [/home/app/pgplot/cpu]
  collapse library dir [/home/app/lapack/3.8.0/cpu/lib64] ==> [/home/app/lapack/3.8.0/cpu/lib64]
  collapse library dir [/home/app/fftw3/3.3.8/cpu/lib] ==> [/home/app/fftw3/3.3.8/cpu/lib]
  collapse library dir [/home/app/boost/1.65.1/cpu/lib] ==> [/home/app/boost/1.65.1/cpu/lib]
  collapse library dir [/home/app/mpich/3.2.1/cpu/gcc/4.8.5/lib] ==> [/home/app/mpich/3.2.1/cpu/gcc/4.8.5/lib]
  collapse library dir [/usr/lib/gcc/x86_64-redhat-linux/4.8.5/../../..] ==> [/usr/lib]
  implicit libs: [stdc++;m;gcc_s;gcc;c;gcc_s;gcc]
  implicit dirs: [/home/app/lapack/3.8.0/cpu/lib64;/usr/lib/gcc/x86_64-redhat-linux/4.8.5;/usr/lib64;/lib64;/home/app/pgplot/cpu;/home/app/fftw3/3.3.8/cpu/lib;/home/app/boost/1.65.1/cpu/lib;/home/app/mpich/3.2.1/cpu/gcc/4.8.5/lib;/usr/lib]
  implicit fwks: []




Detecting CXX [-std=c++1y] compiler features compiled with the following output:
Change Dir: /ssd/ASKAP/cloud-dingo-blao/shao-cpu-mpich/base-askap/build/CMakeFiles/CMakeTmp

Run Build Command(s):/usr/bin/gmake cmTC_8d66c/fast && /usr/bin/gmake -f CMakeFiles/cmTC_8d66c.dir/build.make CMakeFiles/cmTC_8d66c.dir/build
gmake[1]: Entering directory `/ssd/ASKAP/cloud-dingo-blao/shao-cpu-mpich/base-askap/build/CMakeFiles/CMakeTmp'
Building CXX object CMakeFiles/cmTC_8d66c.dir/feature_tests.cxx.o
/usr/bin/g++    -std=c++1y -o CMakeFiles/cmTC_8d66c.dir/feature_tests.cxx.o -c /ssd/ASKAP/cloud-dingo-blao/shao-cpu-mpich/base-askap/build/CMakeFiles/feature_tests.cxx
Linking CXX executable cmTC_8d66c
/home/app/cmake/3.15.2/cpu/bin/cmake -E cmake_link_script CMakeFiles/cmTC_8d66c.dir/link.txt --verbose=1
/usr/bin/g++       -rdynamic CMakeFiles/cmTC_8d66c.dir/feature_tests.cxx.o  -o cmTC_8d66c 
gmake[1]: Leaving directory `/ssd/ASKAP/cloud-dingo-blao/shao-cpu-mpich/base-askap/build/CMakeFiles/CMakeTmp'



    Feature record: CXX_FEATURE:1cxx_template_template_parameters
    Feature record: CXX_FEATURE:1cxx_alias_templates
    Feature record: CXX_FEATURE:1cxx_alignas
    Feature record: CXX_FEATURE:1cxx_alignof
    Feature record: CXX_FEATURE:1cxx_attributes
    Feature record: CXX_FEATURE:1cxx_auto_type
    Feature record: CXX_FEATURE:1cxx_constexpr
    Feature record: CXX_FEATURE:1cxx_decltype
    Feature record: CXX_FEATURE:1cxx_decltype_incomplete_return_types
    Feature record: CXX_FEATURE:1cxx_default_function_template_args
    Feature record: CXX_FEATURE:1cxx_defaulted_functions
    Feature record: CXX_FEATURE:1cxx_defaulted_move_initializers
    Feature record: CXX_FEATURE:1cxx_delegating_constructors
    Feature record: CXX_FEATURE:1cxx_deleted_functions
    Feature record: CXX_FEATURE:1cxx_enum_forward_declarations
    Feature record: CXX_FEATURE:1cxx_explicit_conversions
    Feature record: CXX_FEATURE:1cxx_extended_friend_declarations
    Feature record: CXX_FEATURE:1cxx_extern_templates
    Feature record: CXX_FEATURE:1cxx_final
    Feature record: CXX_FEATURE:1cxx_func_identifier
    Feature record: CXX_FEATURE:1cxx_generalized_initializers
    Feature record: CXX_FEATURE:1cxx_inheriting_constructors
    Feature record: CXX_FEATURE:1cxx_inline_namespaces
    Feature record: CXX_FEATURE:1cxx_lambdas
    Feature record: CXX_FEATURE:1cxx_local_type_template_args
    Feature record: CXX_FEATURE:1cxx_long_long_type
    Feature record: CXX_FEATURE:1cxx_noexcept
    Feature record: CXX_FEATURE:1cxx_nonstatic_member_init
    Feature record: CXX_FEATURE:1cxx_nullptr
    Feature record: CXX_FEATURE:1cxx_override
    Feature record: CXX_FEATURE:1cxx_range_for
    Feature record: CXX_FEATURE:1cxx_raw_string_literals
    Feature record: CXX_FEATURE:1cxx_reference_qualified_functions
    Feature record: CXX_FEATURE:1cxx_right_angle_brackets
    Feature record: CXX_FEATURE:1cxx_rvalue_references
    Feature record: CXX_FEATURE:1cxx_sizeof_member
    Feature record: CXX_FEATURE:1cxx_static_assert
    Feature record: CXX_FEATURE:1cxx_strong_enums
    Feature record: CXX_FEATURE:1cxx_thread_local
    Feature record: CXX_FEATURE:1cxx_trailing_return_types
    Feature record: CXX_FEATURE:1cxx_unicode_literals
    Feature record: CXX_FEATURE:1cxx_uniform_initialization
    Feature record: CXX_FEATURE:1cxx_unrestricted_unions
    Feature record: CXX_FEATURE:1cxx_user_literals
    Feature record: CXX_FEATURE:1cxx_variadic_macros
    Feature record: CXX_FEATURE:1cxx_variadic_templates
    Feature record: CXX_FEATURE:0cxx_aggregate_default_initializers
    Feature record: CXX_FEATURE:0cxx_attribute_deprecated
    Feature record: CXX_FEATURE:0cxx_binary_literals
    Feature record: CXX_FEATURE:0cxx_contextual_conversions
    Feature record: CXX_FEATURE:0cxx_decltype_auto
    Feature record: CXX_FEATURE:0cxx_digit_separators
    Feature record: CXX_FEATURE:0cxx_generic_lambdas
    Feature record: CXX_FEATURE:0cxx_lambda_init_captures
    Feature record: CXX_FEATURE:0cxx_relaxed_constexpr
    Feature record: CXX_FEATURE:0cxx_return_type_deduction
    Feature record: CXX_FEATURE:0cxx_variable_templates
Determining if the include file pthread.h exists passed with the following output:
Change Dir: /ssd/ASKAP/cloud-dingo-blao/shao-cpu-mpich/base-askap/build/CMakeFiles/CMakeTmp

Run Build Command(s):/usr/bin/gmake cmTC_01418/fast && /usr/bin/gmake -f CMakeFiles/cmTC_01418.dir/build.make CMakeFiles/cmTC_01418.dir/build
gmake[1]: Entering directory `/ssd/ASKAP/cloud-dingo-blao/shao-cpu-mpich/base-askap/build/CMakeFiles/CMakeTmp'
Building C object CMakeFiles/cmTC_01418.dir/CheckIncludeFile.c.o
/usr/bin/gcc    -o CMakeFiles/cmTC_01418.dir/CheckIncludeFile.c.o   -c /ssd/ASKAP/cloud-dingo-blao/shao-cpu-mpich/base-askap/build/CMakeFiles/CMakeTmp/CheckIncludeFile.c
Linking C executable cmTC_01418
/home/app/cmake/3.15.2/cpu/bin/cmake -E cmake_link_script CMakeFiles/cmTC_01418.dir/link.txt --verbose=1
/usr/bin/gcc      -rdynamic CMakeFiles/cmTC_01418.dir/CheckIncludeFile.c.o  -o cmTC_01418 
gmake[1]: Leaving directory `/ssd/ASKAP/cloud-dingo-blao/shao-cpu-mpich/base-askap/build/CMakeFiles/CMakeTmp'



Determining if the function pthread_create exists in the pthread passed with the following output:
Change Dir: /ssd/ASKAP/cloud-dingo-blao/shao-cpu-mpich/base-askap/build/CMakeFiles/CMakeTmp

Run Build Command(s):/usr/bin/gmake cmTC_8afed/fast && /usr/bin/gmake -f CMakeFiles/cmTC_8afed.dir/build.make CMakeFiles/cmTC_8afed.dir/build
gmake[1]: Entering directory `/ssd/ASKAP/cloud-dingo-blao/shao-cpu-mpich/base-askap/build/CMakeFiles/CMakeTmp'
Building C object CMakeFiles/cmTC_8afed.dir/CheckFunctionExists.c.o
/usr/bin/gcc   -DCHECK_FUNCTION_EXISTS=pthread_create   -o CMakeFiles/cmTC_8afed.dir/CheckFunctionExists.c.o   -c /home/app/cmake/3.15.2/cpu/share/cmake-3.15/Modules/CheckFunctionExists.c
Linking C executable cmTC_8afed
/home/app/cmake/3.15.2/cpu/bin/cmake -E cmake_link_script CMakeFiles/cmTC_8afed.dir/link.txt --verbose=1
/usr/bin/gcc  -DCHECK_FUNCTION_EXISTS=pthread_create    -rdynamic CMakeFiles/cmTC_8afed.dir/CheckFunctionExists.c.o  -o cmTC_8afed -lpthread 
gmake[1]: Leaving directory `/ssd/ASKAP/cloud-dingo-blao/shao-cpu-mpich/base-askap/build/CMakeFiles/CMakeTmp'



Determining if the function sgemm_ exists passed with the following output:
Change Dir: /ssd/ASKAP/cloud-dingo-blao/shao-cpu-mpich/base-askap/build/CMakeFiles/CMakeTmp

Run Build Command(s):/usr/bin/gmake cmTC_3c28e/fast && /usr/bin/gmake -f CMakeFiles/cmTC_3c28e.dir/build.make CMakeFiles/cmTC_3c28e.dir/build
gmake[1]: Entering directory `/ssd/ASKAP/cloud-dingo-blao/shao-cpu-mpich/base-askap/build/CMakeFiles/CMakeTmp'
Building C object CMakeFiles/cmTC_3c28e.dir/CheckFunctionExists.c.o
/usr/bin/gcc   -DCHECK_FUNCTION_EXISTS=sgemm_   -o CMakeFiles/cmTC_3c28e.dir/CheckFunctionExists.c.o   -c /home/app/cmake/3.15.2/cpu/share/cmake-3.15/Modules/CheckFunctionExists.c
Linking C executable cmTC_3c28e
/home/app/cmake/3.15.2/cpu/bin/cmake -E cmake_link_script CMakeFiles/cmTC_3c28e.dir/link.txt --verbose=1
/usr/bin/gcc  -DCHECK_FUNCTION_EXISTS=sgemm_    -rdynamic CMakeFiles/cmTC_3c28e.dir/CheckFunctionExists.c.o  -o cmTC_3c28e /home/app/lapack/3.8.0/cpu/lib64/libblas.so 
gmake[1]: Leaving directory `/ssd/ASKAP/cloud-dingo-blao/shao-cpu-mpich/base-askap/build/CMakeFiles/CMakeTmp'



Determining if the function cheev_ exists passed with the following output:
Change Dir: /ssd/ASKAP/cloud-dingo-blao/shao-cpu-mpich/base-askap/build/CMakeFiles/CMakeTmp

Run Build Command(s):/usr/bin/gmake cmTC_f701f/fast && /usr/bin/gmake -f CMakeFiles/cmTC_f701f.dir/build.make CMakeFiles/cmTC_f701f.dir/build
gmake[1]: Entering directory `/ssd/ASKAP/cloud-dingo-blao/shao-cpu-mpich/base-askap/build/CMakeFiles/CMakeTmp'
Building C object CMakeFiles/cmTC_f701f.dir/CheckFunctionExists.c.o
/usr/bin/gcc   -DCHECK_FUNCTION_EXISTS=cheev_   -o CMakeFiles/cmTC_f701f.dir/CheckFunctionExists.c.o   -c /home/app/cmake/3.15.2/cpu/share/cmake-3.15/Modules/CheckFunctionExists.c
Linking C executable cmTC_f701f
/home/app/cmake/3.15.2/cpu/bin/cmake -E cmake_link_script CMakeFiles/cmTC_f701f.dir/link.txt --verbose=1
/usr/bin/gcc  -DCHECK_FUNCTION_EXISTS=cheev_    -rdynamic CMakeFiles/cmTC_f701f.dir/CheckFunctionExists.c.o  -o cmTC_f701f /home/app/lapack/3.8.0/cpu/lib64/liblapack.so /home/app/lapack/3.8.0/cpu/lib64/libblas.so 
gmake[1]: Leaving directory `/ssd/ASKAP/cloud-dingo-blao/shao-cpu-mpich/base-askap/build/CMakeFiles/CMakeTmp'



