Performing C SOURCE FILE Test CMAKE_HAVE_LIBC_PTHREAD failed with the following output:
Change Dir: /ssd/ASKAP/cloud-dingo-blao/shao-cpu-mpich/base-askap/build/CMakeFiles/CMakeTmp

Run Build Command(s):/usr/bin/gmake cmTC_2770b/fast && /usr/bin/gmake -f CMakeFiles/cmTC_2770b.dir/build.make CMakeFiles/cmTC_2770b.dir/build
gmake[1]: Entering directory `/ssd/ASKAP/cloud-dingo-blao/shao-cpu-mpich/base-askap/build/CMakeFiles/CMakeTmp'
Building C object CMakeFiles/cmTC_2770b.dir/src.c.o
/usr/bin/gcc   -DCMAKE_HAVE_LIBC_PTHREAD   -o CMakeFiles/cmTC_2770b.dir/src.c.o   -c /ssd/ASKAP/cloud-dingo-blao/shao-cpu-mpich/base-askap/build/CMakeFiles/CMakeTmp/src.c
Linking C executable cmTC_2770b
/home/app/cmake/3.15.2/cpu/bin/cmake -E cmake_link_script CMakeFiles/cmTC_2770b.dir/link.txt --verbose=1
/usr/bin/gcc  -DCMAKE_HAVE_LIBC_PTHREAD    -rdynamic CMakeFiles/cmTC_2770b.dir/src.c.o  -o cmTC_2770b 
CMakeFiles/cmTC_2770b.dir/src.c.o: In function `main':
src.c:(.text+0x2d): undefined reference to `pthread_create'
src.c:(.text+0x39): undefined reference to `pthread_detach'
src.c:(.text+0x4a): undefined reference to `pthread_join'
src.c:(.text+0x5e): undefined reference to `pthread_atfork'
collect2: error: ld returned 1 exit status
gmake[1]: *** [cmTC_2770b] Error 1
gmake[1]: Leaving directory `/ssd/ASKAP/cloud-dingo-blao/shao-cpu-mpich/base-askap/build/CMakeFiles/CMakeTmp'
gmake: *** [cmTC_2770b/fast] Error 2


Source file was:
#include <pthread.h>

void* test_func(void* data)
{
  return data;
}

int main(void)
{
  pthread_t thread;
  pthread_create(&thread, NULL, test_func, NULL);
  pthread_detach(thread);
  pthread_join(thread, NULL);
  pthread_atfork(NULL, NULL, NULL);
  pthread_exit(NULL);

  return 0;
}

Determining if the function pthread_create exists in the pthreads failed with the following output:
Change Dir: /ssd/ASKAP/cloud-dingo-blao/shao-cpu-mpich/base-askap/build/CMakeFiles/CMakeTmp

Run Build Command(s):/usr/bin/gmake cmTC_f9f79/fast && /usr/bin/gmake -f CMakeFiles/cmTC_f9f79.dir/build.make CMakeFiles/cmTC_f9f79.dir/build
gmake[1]: Entering directory `/ssd/ASKAP/cloud-dingo-blao/shao-cpu-mpich/base-askap/build/CMakeFiles/CMakeTmp'
Building C object CMakeFiles/cmTC_f9f79.dir/CheckFunctionExists.c.o
/usr/bin/gcc   -DCHECK_FUNCTION_EXISTS=pthread_create   -o CMakeFiles/cmTC_f9f79.dir/CheckFunctionExists.c.o   -c /home/app/cmake/3.15.2/cpu/share/cmake-3.15/Modules/CheckFunctionExists.c
Linking C executable cmTC_f9f79
/home/app/cmake/3.15.2/cpu/bin/cmake -E cmake_link_script CMakeFiles/cmTC_f9f79.dir/link.txt --verbose=1
/usr/bin/gcc  -DCHECK_FUNCTION_EXISTS=pthread_create    -rdynamic CMakeFiles/cmTC_f9f79.dir/CheckFunctionExists.c.o  -o cmTC_f9f79 -lpthreads 
/usr/bin/ld: cannot find -lpthreads
collect2: error: ld returned 1 exit status
gmake[1]: *** [cmTC_f9f79] Error 1
gmake[1]: Leaving directory `/ssd/ASKAP/cloud-dingo-blao/shao-cpu-mpich/base-askap/build/CMakeFiles/CMakeTmp'
gmake: *** [cmTC_f9f79/fast] Error 2



Determining if the function sgemm_ exists failed with the following output:
Change Dir: /ssd/ASKAP/cloud-dingo-blao/shao-cpu-mpich/base-askap/build/CMakeFiles/CMakeTmp

Run Build Command(s):/usr/bin/gmake cmTC_90445/fast && /usr/bin/gmake -f CMakeFiles/cmTC_90445.dir/build.make CMakeFiles/cmTC_90445.dir/build
gmake[1]: Entering directory `/ssd/ASKAP/cloud-dingo-blao/shao-cpu-mpich/base-askap/build/CMakeFiles/CMakeTmp'
Building C object CMakeFiles/cmTC_90445.dir/CheckFunctionExists.c.o
/usr/bin/gcc   -DCHECK_FUNCTION_EXISTS=sgemm_   -o CMakeFiles/cmTC_90445.dir/CheckFunctionExists.c.o   -c /home/app/cmake/3.15.2/cpu/share/cmake-3.15/Modules/CheckFunctionExists.c
Linking C executable cmTC_90445
/home/app/cmake/3.15.2/cpu/bin/cmake -E cmake_link_script CMakeFiles/cmTC_90445.dir/link.txt --verbose=1
/usr/bin/gcc  -DCHECK_FUNCTION_EXISTS=sgemm_    -rdynamic CMakeFiles/cmTC_90445.dir/CheckFunctionExists.c.o  -o cmTC_90445 
CMakeFiles/cmTC_90445.dir/CheckFunctionExists.c.o: In function `main':
CheckFunctionExists.c:(.text+0x10): undefined reference to `sgemm_'
collect2: error: ld returned 1 exit status
gmake[1]: *** [cmTC_90445] Error 1
gmake[1]: Leaving directory `/ssd/ASKAP/cloud-dingo-blao/shao-cpu-mpich/base-askap/build/CMakeFiles/CMakeTmp'
gmake: *** [cmTC_90445/fast] Error 2



Determining if the function cheev_ exists failed with the following output:
Change Dir: /ssd/ASKAP/cloud-dingo-blao/shao-cpu-mpich/base-askap/build/CMakeFiles/CMakeTmp

Run Build Command(s):/usr/bin/gmake cmTC_5ad05/fast && /usr/bin/gmake -f CMakeFiles/cmTC_5ad05.dir/build.make CMakeFiles/cmTC_5ad05.dir/build
gmake[1]: Entering directory `/ssd/ASKAP/cloud-dingo-blao/shao-cpu-mpich/base-askap/build/CMakeFiles/CMakeTmp'
Building C object CMakeFiles/cmTC_5ad05.dir/CheckFunctionExists.c.o
/usr/bin/gcc   -DCHECK_FUNCTION_EXISTS=cheev_   -o CMakeFiles/cmTC_5ad05.dir/CheckFunctionExists.c.o   -c /home/app/cmake/3.15.2/cpu/share/cmake-3.15/Modules/CheckFunctionExists.c
Linking C executable cmTC_5ad05
/home/app/cmake/3.15.2/cpu/bin/cmake -E cmake_link_script CMakeFiles/cmTC_5ad05.dir/link.txt --verbose=1
/usr/bin/gcc  -DCHECK_FUNCTION_EXISTS=cheev_    -rdynamic CMakeFiles/cmTC_5ad05.dir/CheckFunctionExists.c.o  -o cmTC_5ad05 /home/app/lapack/3.8.0/cpu/lib64/libblas.so 
CMakeFiles/cmTC_5ad05.dir/CheckFunctionExists.c.o: In function `main':
CheckFunctionExists.c:(.text+0x10): undefined reference to `cheev_'
collect2: error: ld returned 1 exit status
gmake[1]: *** [cmTC_5ad05] Error 1
gmake[1]: Leaving directory `/ssd/ASKAP/cloud-dingo-blao/shao-cpu-mpich/base-askap/build/CMakeFiles/CMakeTmp'
gmake: *** [cmTC_5ad05/fast] Error 2



